Build started 4/18/2012 4:50:31 PM.
     1>Project "C:\Users\Kyle\Documents\Visual Studio 2010\Projects\Final\Salary Calculator\Salary Calculator\Salary Calculator.vcxproj" on node 2 (build target(s)).
     1>InitializeBuildStatus:
         Creating "Debug\Salary Calculator.unsuccessfulbuild" because "AlwaysCreate" was specified.
       ClCompile:
         c:\Program Files (x86)\Microsoft Visual Studio 10.0\VC\bin\CL.exe /c /ZI /nologo /W3 /WX- /Od /Oy- /D _MBCS /Gm /EHsc /RTC1 /MDd /GS /fp:precise /Zc:wchar_t /Zc:forScope /Fo"Debug\\" /Fd"Debug\vc100.pdb" /Gd /TP /analyze- /errorReport:prompt Administrator.cpp Faculty.cpp Hourly.cpp Main.cpp Salaried.cpp
         Main.cpp
     1>c:\users\kyle\documents\visual studio 2010\projects\final\salary calculator\salary calculator\hourly.h(29): warning C4244: 'initializing' : conversion from 'double' to 'int', possible loss of data
     1>c:\users\kyle\documents\visual studio 2010\projects\final\salary calculator\salary calculator\hourly.h(30): warning C4244: 'initializing' : conversion from 'double' to 'int', possible loss of data
     1>c:\users\kyle\documents\visual studio 2010\projects\final\salary calculator\salary calculator\salaried.h(25): warning C4244: 'initializing' : conversion from 'double' to 'int', possible loss of data
     1>c:\users\kyle\documents\visual studio 2010\projects\final\salary calculator\salary calculator\salaried.h(26): warning C4244: 'initializing' : conversion from 'double' to 'int', possible loss of data
     1>c:\users\kyle\documents\visual studio 2010\projects\final\salary calculator\salary calculator\salaried.h(32): warning C4244: 'initializing' : conversion from 'double' to 'int', possible loss of data
     1>c:\users\kyle\documents\visual studio 2010\projects\final\salary calculator\salary calculator\salaried.h(33): warning C4244: 'initializing' : conversion from 'double' to 'int', possible loss of data
     1>c:\users\kyle\documents\visual studio 2010\projects\final\salary calculator\salary calculator\main.cpp(91): warning C4018: '<' : signed/unsigned mismatch
     1>c:\users\kyle\documents\visual studio 2010\projects\final\salary calculator\salary calculator\main.cpp(140): warning C4018: '<' : signed/unsigned mismatch
     1>c:\users\kyle\documents\visual studio 2010\projects\final\salary calculator\salary calculator\main.cpp(158): warning C4244: 'initializing' : conversion from 'double' to 'int', possible loss of data
     1>c:\users\kyle\documents\visual studio 2010\projects\final\salary calculator\salary calculator\main.cpp(159): warning C4244: 'initializing' : conversion from 'double' to 'int', possible loss of data
     1>c:\users\kyle\documents\visual studio 2010\projects\final\salary calculator\salary calculator\main.cpp(160): warning C4244: 'initializing' : conversion from 'double' to 'int', possible loss of data
     1>c:\users\kyle\documents\visual studio 2010\projects\final\salary calculator\salary calculator\main.cpp(161): warning C4244: 'initializing' : conversion from 'double' to 'int', possible loss of data
     1>c:\users\kyle\documents\visual studio 2010\projects\final\salary calculator\salary calculator\main.cpp(301): warning C4018: '<' : signed/unsigned mismatch
         Generating Code...
         Compiling...
         Faculty.cpp
     1>c:\users\kyle\documents\visual studio 2010\projects\final\salary calculator\salary calculator\salaried.h(25): warning C4244: 'initializing' : conversion from 'double' to 'int', possible loss of data
     1>c:\users\kyle\documents\visual studio 2010\projects\final\salary calculator\salary calculator\salaried.h(26): warning C4244: 'initializing' : conversion from 'double' to 'int', possible loss of data
     1>c:\users\kyle\documents\visual studio 2010\projects\final\salary calculator\salary calculator\salaried.h(32): warning C4244: 'initializing' : conversion from 'double' to 'int', possible loss of data
     1>c:\users\kyle\documents\visual studio 2010\projects\final\salary calculator\salary calculator\salaried.h(33): warning C4244: 'initializing' : conversion from 'double' to 'int', possible loss of data
     1>c:\users\kyle\documents\visual studio 2010\projects\final\salary calculator\salary calculator\faculty.cpp(13): warning C4244: 'initializing' : conversion from 'double' to 'int', possible loss of data
     1>c:\users\kyle\documents\visual studio 2010\projects\final\salary calculator\salary calculator\faculty.cpp(14): warning C4244: 'initializing' : conversion from 'double' to 'int', possible loss of data
         Administrator.cpp
     1>c:\users\kyle\documents\visual studio 2010\projects\final\salary calculator\salary calculator\salaried.h(25): warning C4244: 'initializing' : conversion from 'double' to 'int', possible loss of data
     1>c:\users\kyle\documents\visual studio 2010\projects\final\salary calculator\salary calculator\salaried.h(26): warning C4244: 'initializing' : conversion from 'double' to 'int', possible loss of data
     1>c:\users\kyle\documents\visual studio 2010\projects\final\salary calculator\salary calculator\salaried.h(32): warning C4244: 'initializing' : conversion from 'double' to 'int', possible loss of data
     1>c:\users\kyle\documents\visual studio 2010\projects\final\salary calculator\salary calculator\salaried.h(33): warning C4244: 'initializing' : conversion from 'double' to 'int', possible loss of data
     1>c:\users\kyle\documents\visual studio 2010\projects\final\salary calculator\salary calculator\administrator.cpp(13): warning C4244: 'initializing' : conversion from 'double' to 'int', possible loss of data
     1>c:\users\kyle\documents\visual studio 2010\projects\final\salary calculator\salary calculator\administrator.cpp(14): warning C4244: 'initializing' : conversion from 'double' to 'int', possible loss of data
         Generating Code...
         Skipping... (no relevant changes detected)
         Salaried.cpp
         Hourly.cpp
       Link:
         c:\Program Files (x86)\Microsoft Visual Studio 10.0\VC\bin\link.exe /ERRORREPORT:PROMPT /OUT:"C:\Users\Kyle\Documents\Visual Studio 2010\Projects\Final\Salary Calculator\Debug\Salary Calculator.exe" /NOLOGO kernel32.lib user32.lib gdi32.lib winspool.lib comdlg32.lib advapi32.lib shell32.lib ole32.lib oleaut32.lib uuid.lib odbc32.lib odbccp32.lib /MANIFEST /ManifestFile:"Debug\Salary Calculator.exe.intermediate.manifest" /MANIFESTUAC:"level='asInvoker' uiAccess='false'" /DEBUG /PDB:"C:\Users\Kyle\Documents\Visual Studio 2010\Projects\Final\Salary Calculator\Debug\Salary Calculator.pdb" /TLBID:1 /DYNAMICBASE /NXCOMPAT /IMPLIB:"C:\Users\Kyle\Documents\Visual Studio 2010\Projects\Final\Salary Calculator\Debug\Salary Calculator.lib" /MACHINE:X86 Debug\Administrator.obj
         Debug\Faculty.obj
         Debug\Hourly.obj
         Debug\Main.obj
         Debug\Salaried.obj
         LINK : C:\Users\Kyle\Documents\Visual Studio 2010\Projects\Final\Salary Calculator\Debug\Salary Calculator.exe not found or not built by the last incremental link; performing full link
         Salary Calculator.vcxproj -> C:\Users\Kyle\Documents\Visual Studio 2010\Projects\Final\Salary Calculator\Debug\Salary Calculator.exe
       Manifest:
         C:\Program Files (x86)\Microsoft SDKs\Windows\v7.0A\bin\mt.exe /nologo /verbose /outputresource:"C:\Users\Kyle\Documents\Visual Studio 2010\Projects\Final\Salary Calculator\Debug\Salary Calculator.exe;#1" /manifest "Debug\Salary Calculator.exe.intermediate.manifest"
       FinalizeBuildStatus:
         Deleting file "Debug\Salary Calculator.unsuccessfulbuild".
         Touching "Debug\Salary Calculator.lastbuildstate".
     1>Done Building Project "C:\Users\Kyle\Documents\Visual Studio 2010\Projects\Final\Salary Calculator\Salary Calculator\Salary Calculator.vcxproj" (build target(s)).

Build succeeded.

Time Elapsed 00:00:06.30
